#
# A fatal error has been detected by the Java Runtime Environment:
#
#  EXCEPTION_ACCESS_VIOLATION (0xc0000005) at pc=0x00007ffa80963d8d, pid=8196, tid=8580
#
# JRE version: Java(TM) SE Runtime Environment (8.0_66-b18) (build 1.8.0_66-b18)
# Java VM: Java HotSpot(TM) 64-Bit Server VM (25.66-b18 mixed mode windows-amd64 compressed oops)
# Problematic frame:
# C  [jemalloc.dll+0x13d8d]
#
# Failed to write core dump. Minidumps are not enabled by default on client versions of Windows
#
# If you would like to submit a bug report, please visit:
#   http://bugreport.java.com/bugreport/crash.jsp
# The crash happened outside the Java Virtual Machine in native code.
# See problematic frame for where to report the bug.
#

---------------  T H R E A D  ---------------

Current thread (0x0000000016414800):  JavaThread "Main" [_thread_in_native, id=8580, stack(0x0000000016a70000,0x0000000016b70000)]

siginfo: ExceptionCode=0xc0000005, writing address 0x00000000e7684080

Registers:
RAX=0x0000000019b64000, RBX=0x0000000016bb2e80, RCX=0x0000000019b64010, RDX=0x0000000016bb2000
RSP=0x0000000016b6eee0, RBP=0x0000000016bb1008, RSI=0x0000000000000073, RDI=0x0000000016bb2000
R8 =0x0000000019c5db60, R9 =0x0000000000000073, R10=0x0000000016bb2000, R11=0x0000000016bb1008
R12=0x0000000000000000, R13=0x000000001454da88, R14=0x0000000019c5db60, R15=0x0000000016414800
RIP=0x00007ffa80963d8d, EFLAGS=0x0000000000010202

Top of Stack: (sp=0x0000000016b6eee0)
0x0000000016b6eee0:   0000000000000007 00007ffa80952df9
0x0000000016b6eef0:   0000000000000004 0000000064d2a36c
0x0000000016b6ef00:   0000000016b6f140 00000000024020c3
0x0000000016b6ef10:   0000000016b6f010 00007ffa80952139
0x0000000016b6ef20:   0000000016bb1008 0000000016b6efd8
0x0000000016b6ef30:   0000000016bb2000 0000000019c5db60
0x0000000016b6ef40:   00000000023e7730 00000000023f5e34
0x0000000016b6ef50:   000000001454da88 0000000000000188
0x0000000016b6ef60:   000000001641d4e0 0000000064ceb73b
0x0000000016b6ef70:   0000000016b6f5f8 000000001454ff58
0x0000000016b6ef80:   0000000016b6f070 000000001454ff58
0x0000000016b6ef90:   00000000000000b8 0000000016b6ef98
0x0000000016b6efa0:   0000000000000000 0000000016b6f010
0x0000000016b6efb0:   000000001454dc20 0000000000000000
0x0000000016b6efc0:   000000001454da88 0000000000000000
0x0000000016b6efd0:   0000000016b6eff8 0000000016b6f058 

Instructions: (pc=0x00007ffa80963d8d)
0x00007ffa80963d6d:   75 17 d1 e9 44 8b ce 89 4c 24 20 4c 8b c3 48 8b
0x00007ffa80963d7d:   cd 48 8b d7 e8 1a 3d 00 00 8b 4b 10 48 8b 43 18
0x00007ffa80963d8d:   4c 89 34 c8 ff 43 10 ff 47 18 81 7f 18 e4 00 00
0x00007ffa80963d9d:   00 75 0b 48 8b d7 48 8b cd e8 85 41 00 00 48 8b 


Register to memory mapping:

RAX=0x0000000019b64000 is an unknown value
RBX=0x0000000016bb2e80 is an unknown value
RCX=0x0000000019b64010 is an unknown value
RDX=0x0000000016bb2000 is an unknown value
RSP=0x0000000016b6eee0 is pointing into the stack for thread: 0x0000000016414800
RBP=0x0000000016bb1008 is an unknown value
RSI=0x0000000000000073 is an unknown value
RDI=0x0000000016bb2000 is an unknown value
R8 =0x0000000019c5db60 is an unknown value
R9 =0x0000000000000073 is an unknown value
R10=0x0000000016bb2000 is an unknown value
R11=0x0000000016bb1008 is an unknown value
R12=0x0000000000000000 is an unknown value
R13={method} {0x000000001454da90} 'invokePV' '(JJ)V' in 'org/lwjgl/system/JNI'
R14=0x0000000019c5db60 is an unknown value
R15=0x0000000016414800 is a thread


Stack: [0x0000000016a70000,0x0000000016b70000],  sp=0x0000000016b6eee0,  free space=1019k
Native frames: (J=compiled Java code, j=interpreted, Vv=VM code, C=native code)
C  [jemalloc.dll+0x13d8d]
C  [jemalloc.dll+0x2139]
C  0x00000000023f5e34

Java frames: (J=compiled Java code, j=interpreted, Vv=VM code)
j  org.lwjgl.system.JNI.invokePV(JJ)V+0
j  org.lwjgl.system.jemalloc.JEmalloc.nje_free(J)V+9
j  org.lwjgl.system.MemoryManage$JEmallocAllocator.free(J)V+1
j  org.lwjgl.system.MemoryUtil.nmemFree(J)V+4
j  org.lwjgl.system.Struct.free()V+4
j  com.MightyChubz.core.Audio.demo()V+45
j  TestingClass.load()V+73
j  com.MightyChubz.core.Main.load()V+241
j  com.MightyChubz.core.Main.run()V+1
j  java.lang.Thread.run()V+11
v  ~StubRoutines::call_stub

---------------  P R O C E S S  ---------------

Java Threads: ( => current thread )
  0x0000000019d11000 JavaThread "Java2D Disposer" daemon [_thread_blocked, id=3184, stack(0x000000001a660000,0x000000001a760000)]
  0x00000000020fd800 JavaThread "DestroyJavaVM" [_thread_blocked, id=8860, stack(0x00000000021e0000,0x00000000022e0000)]
=>0x0000000016414800 JavaThread "Main" [_thread_in_native, id=8580, stack(0x0000000016a70000,0x0000000016b70000)]
  0x00000000163d9000 JavaThread "Monitor Ctrl-Break" daemon [_thread_in_native, id=1880, stack(0x00000000168d0000,0x00000000169d0000)]
  0x00000000162fd800 JavaThread "Service Thread" daemon [_thread_blocked, id=5908, stack(0x00000000166d0000,0x00000000167d0000)]
  0x0000000014a8a800 JavaThread "C1 CompilerThread2" daemon [_thread_blocked, id=7436, stack(0x00000000161d0000,0x00000000162d0000)]
  0x0000000014a82800 JavaThread "C2 CompilerThread1" daemon [_thread_blocked, id=8752, stack(0x00000000160d0000,0x00000000161d0000)]
  0x0000000014a7f800 JavaThread "C2 CompilerThread0" daemon [_thread_blocked, id=7088, stack(0x0000000015fd0000,0x00000000160d0000)]
  0x0000000014a7e000 JavaThread "Attach Listener" daemon [_thread_blocked, id=1976, stack(0x0000000015ed0000,0x0000000015fd0000)]
  0x0000000014a7d000 JavaThread "Signal Dispatcher" daemon [_thread_blocked, id=6840, stack(0x0000000015dd0000,0x0000000015ed0000)]
  0x00000000023d7000 JavaThread "Finalizer" daemon [_thread_blocked, id=7356, stack(0x0000000015cd0000,0x0000000015dd0000)]
  0x00000000023ce000 JavaThread "Reference Handler" daemon [_thread_blocked, id=8272, stack(0x0000000015bd0000,0x0000000015cd0000)]

Other Threads:
  0x0000000014a47800 VMThread [stack: 0x0000000015ad0000,0x0000000015bd0000] [id=6344]
  0x0000000016321800 WatcherThread [stack: 0x00000000167d0000,0x00000000168d0000] [id=1924]

VM state:not at safepoint (normal execution)

VM Mutex/Monitor currently owned by a thread: None

Heap:
 PSYoungGen      total 18944K, used 4323K [0x00000000eac00000, 0x00000000ec100000, 0x0000000100000000)
  eden space 16384K, 10% used [0x00000000eac00000,0x00000000eadbdbf0,0x00000000ebc00000)
  from space 2560K, 99% used [0x00000000ebc00000,0x00000000ebe7b0f8,0x00000000ebe80000)
  to   space 2560K, 0% used [0x00000000ebe80000,0x00000000ebe80000,0x00000000ec100000)
 ParOldGen       total 44032K, used 1207K [0x00000000c0400000, 0x00000000c2f00000, 0x00000000eac00000)
  object space 44032K, 2% used [0x00000000c0400000,0x00000000c052ddd0,0x00000000c2f00000)
 Metaspace       used 10507K, capacity 10658K, committed 11008K, reserved 1058816K
  class space    used 909K, capacity 953K, committed 1024K, reserved 1048576K

Card table byte_map: [0x00000000117a0000,0x00000000119a0000] byte_map_base: 0x000000001119e000

Marking Bits: (ParMarkBitMap*) 0x000000006543a5b0
 Begin Bits: [0x0000000011f00000, 0x0000000012ef0000)
 End Bits:   [0x0000000012ef0000, 0x0000000013ee0000)

Polling page: 0x00000000004f0000

CodeCache: size=245760Kb used=2607Kb max_used=2621Kb free=243152Kb
 bounds [0x00000000023e0000, 0x0000000002680000, 0x00000000113e0000]
 total_blobs=1322 nmethods=587 adapters=648
 compilation: enabled

Compilation events (10 events):
Event: 1.141 Thread 0x0000000014a7f800  580       4       java.io.WinNTFileSystem::isSlash (18 bytes)
Event: 1.142 Thread 0x0000000014a7f800 nmethod 580 0x0000000002668b10 code [0x0000000002668c40, 0x0000000002668cb8]
Event: 1.146 Thread 0x0000000014a8a800  582       3       sun.misc.SharedSecrets::getJavaLangAccess (4 bytes)
Event: 1.147 Thread 0x0000000014a8a800 nmethod 582 0x000000000266b390 code [0x000000000266b4e0, 0x000000000266b610]
Event: 1.147 Thread 0x0000000014a8a800  583       3       java.nio.channels.spi.AbstractInterruptibleChannel::blockedOn (13 bytes)
Event: 1.147 Thread 0x0000000014a8a800 nmethod 583 0x000000000266ab10 code [0x000000000266aca0, 0x000000000266b190]
Event: 1.147 Thread 0x0000000014a8a800  584       3       java.lang.System$2::blockedOn (6 bytes)
Event: 1.147 Thread 0x0000000014a8a800 nmethod 584 0x000000000266a450 code [0x000000000266a5c0, 0x000000000266a9b0]
Event: 1.150 Thread 0x0000000014a8a800  586       3       java.io.FileInputStream::read (8 bytes)
Event: 1.150 Thread 0x0000000014a8a800 nmethod 586 0x0000000002669cd0 code [0x0000000002669e40, 0x0000000002669fc8]

GC Heap History (2 events):
Event: 1.049 GC heap before
{Heap before GC invocations=1 (full 0):
 PSYoungGen      total 18944K, used 16378K [0x00000000eac00000, 0x00000000ec100000, 0x0000000100000000)
  eden space 16384K, 99% used [0x00000000eac00000,0x00000000ebbfe898,0x00000000ebc00000)
  from space 2560K, 0% used [0x00000000ebe80000,0x00000000ebe80000,0x00000000ec100000)
  to   space 2560K, 0% used [0x00000000ebc00000,0x00000000ebc00000,0x00000000ebe80000)
 ParOldGen       total 44032K, used 0K [0x00000000c0400000, 0x00000000c2f00000, 0x00000000eac00000)
  object space 44032K, 0% used [0x00000000c0400000,0x00000000c0400000,0x00000000c2f00000)
 Metaspace       used 9816K, capacity 9986K, committed 10240K, reserved 1058816K
  class space    used 851K, capacity 921K, committed 1024K, reserved 1048576K
Event: 1.053 GC heap after
Heap after GC invocations=1 (full 0):
 PSYoungGen      total 18944K, used 2540K [0x00000000eac00000, 0x00000000ec100000, 0x0000000100000000)
  eden space 16384K, 0% used [0x00000000eac00000,0x00000000eac00000,0x00000000ebc00000)
  from space 2560K, 99% used [0x00000000ebc00000,0x00000000ebe7b0f8,0x00000000ebe80000)
  to   space 2560K, 0% used [0x00000000ebe80000,0x00000000ebe80000,0x00000000ec100000)
 ParOldGen       total 44032K, used 1207K [0x00000000c0400000, 0x00000000c2f00000, 0x00000000eac00000)
  object space 44032K, 2% used [0x00000000c0400000,0x00000000c052ddd0,0x00000000c2f00000)
 Metaspace       used 9816K, capacity 9986K, committed 10240K, reserved 1058816K
  class space    used 851K, capacity 921K, committed 1024K, reserved 1048576K
}

Deoptimization events (5 events):
Event: 0.814 Thread 0x0000000016414800 Uncommon trap: reason=unstable_if action=reinterpret pc=0x000000000259b738 method=sun.misc.URLClassPath.getLoader(I)Lsun/misc/URLClassPath$Loader; @ 36
Event: 0.814 Thread 0x0000000016414800 Uncommon trap: reason=unstable_if action=reinterpret pc=0x000000000259f890 method=sun.misc.URLClassPath.getLoader(I)Lsun/misc/URLClassPath$Loader; @ 36
Event: 0.814 Thread 0x0000000016414800 Uncommon trap: reason=unstable_if action=reinterpret pc=0x00000000025a2df8 method=sun.misc.MetaIndex.mayContain(Ljava/lang/String;)Z @ 13
Event: 0.815 Thread 0x0000000016414800 Uncommon trap: reason=unstable_if action=reinterpret pc=0x0000000002599704 method=sun.misc.MetaIndex.mayContain(Ljava/lang/String;)Z @ 13
Event: 0.961 Thread 0x0000000016414800 Uncommon trap: reason=unstable_if action=reinterpret pc=0x0000000002580360 method=java.lang.String.indexOf([CII[CIII)I @ 3

Internal exceptions (9 events):
Event: 0.054 Thread 0x00000000020fd800 Exception <a 'java/lang/NoSuchMethodError': Method sun.misc.Unsafe.defineClass(Ljava/lang/String;[BII)Ljava/lang/Class; name or signature does not match> (0x00000000eac0db78) thrown at [C:\re\workspace\8-2-build-windows-amd64-cygwin\jdk8u66\5298\hotspot\srŸ`7z¦«?
Event: 0.054 Thread 0x00000000020fd800 Exception <a 'java/lang/NoSuchMethodError': Method sun.misc.Unsafe.prefetchRead(Ljava/lang/Object;J)V name or signature does not match> (0x00000000eac0de60) thrown at [C:\re\workspace\8-2-build-windows-amd64-cygwin\jdk8u66\5298\hotspot\src\share\vm\prims\jó£ß-Vê?
Event: 0.815 Thread 0x0000000016414800 Exception <a 'java/security/PrivilegedActionException'> (0x00000000eba0c398) thrown at [C:\re\workspace\8-2-build-windows-amd64-cygwin\jdk8u66\5298\hotspot\src\share\vm\prims\jvm.cpp, line 1386]
Event: 0.815 Thread 0x0000000016414800 Exception <a 'java/security/PrivilegedActionException'> (0x00000000eba0c5a8) thrown at [C:\re\workspace\8-2-build-windows-amd64-cygwin\jdk8u66\5298\hotspot\src\share\vm\prims\jvm.cpp, line 1386]
Event: 0.816 Thread 0x0000000016414800 Exception <a 'java/security/PrivilegedActionException'> (0x00000000eba103f0) thrown at [C:\re\workspace\8-2-build-windows-amd64-cygwin\jdk8u66\5298\hotspot\src\share\vm\prims\jvm.cpp, line 1386]
Event: 0.816 Thread 0x0000000016414800 Exception <a 'java/security/PrivilegedActionException'> (0x00000000eba10600) thrown at [C:\re\workspace\8-2-build-windows-amd64-cygwin\jdk8u66\5298\hotspot\src\share\vm\prims\jvm.cpp, line 1386]
Event: 0.831 Thread 0x0000000016414800 Exception <a 'java/io/FileNotFoundException'> (0x00000000eba1d428) thrown at [C:\re\workspace\8-2-build-windows-amd64-cygwin\jdk8u66\5298\hotspot\src\share\vm\prims\jni.cpp, line 709]
Event: 0.908 Thread 0x0000000016414800 Exception <a 'java/lang/NoSuchFieldError': method resolution failed> (0x00000000ebaea9d0) thrown at [C:\re\workspace\8-2-build-windows-amd64-cygwin\jdk8u66\5298\hotspot\src\share\vm\prims\methodHandles.cpp, line 1146]
Event: 0.911 Thread 0x0000000016414800 Exception <a 'java/lang/NoSuchFieldError': method resolution failed> (0x00000000ebaf8090) thrown at [C:\re\workspace\8-2-build-windows-amd64-cygwin\jdk8u66\5298\hotspot\src\share\vm\prims\methodHandles.cpp, line 1146]

Events (10 events):
Event: 1.142 loading class java/nio/channels/spi/AbstractInterruptibleChannel$1
Event: 1.142 loading class sun/nio/ch/Interruptible
Event: 1.143 loading class sun/nio/ch/Interruptible done
Event: 1.143 loading class java/nio/channels/spi/AbstractInterruptibleChannel$1 done
Event: 1.150 loading class org/lwjgl/stb/STBVorbis
Event: 1.150 loading class org/lwjgl/stb/STBVorbis done
Event: 1.365 loading class org/lwjgl/openal/ALUtil
Event: 1.365 loading class org/lwjgl/openal/ALUtil done
Event: 1.366 loading class org/lwjgl/openal/OpenALException
Event: 1.366 loading class org/lwjgl/openal/OpenALException done


Dynamic libraries:
0x00007ff6517c0000 - 0x00007ff6517f7000 	C:\Program Files\Java\jdk1.8.0_66\bin\java.exe
0x00007ffa93c30000 - 0x00007ffa93df1000 	C:\WINDOWS\SYSTEM32\ntdll.dll
0x00007ffa92c50000 - 0x00007ffa92cfd000 	C:\WINDOWS\system32\KERNEL32.DLL
0x00007ffa8ea90000 - 0x00007ffa8eac2000 	C:\Program Files (x86)\AVG\Av\avghooka.dll
0x00007ffa904b0000 - 0x00007ffa90698000 	C:\WINDOWS\system32\KERNELBASE.dll
0x00007ffa92b80000 - 0x00007ffa92c27000 	C:\WINDOWS\system32\ADVAPI32.dll
0x00007ffa91460000 - 0x00007ffa914fd000 	C:\WINDOWS\system32\msvcrt.dll
0x00007ffa932c0000 - 0x00007ffa9331b000 	C:\WINDOWS\system32\sechost.dll
0x00007ffa91500000 - 0x00007ffa9161c000 	C:\WINDOWS\system32\RPCRT4.dll
0x00007ffa92d10000 - 0x00007ffa92e66000 	C:\WINDOWS\system32\USER32.dll
0x00007ffa92fe0000 - 0x00007ffa93166000 	C:\WINDOWS\system32\GDI32.dll
0x00007ffa866d0000 - 0x00007ffa86944000 	C:\WINDOWS\WinSxS\amd64_microsoft.windows.common-controls_6595b64144ccf1df_6.0.10586.0_none_8c15ae12515e1c22\COMCTL32.dll
0x00007ffa93940000 - 0x00007ffa93bbd000 	C:\WINDOWS\system32\combase.dll
0x00007ffa90880000 - 0x00007ffa908ea000 	C:\WINDOWS\system32\bcryptPrimitives.dll
0x00007ffa92e70000 - 0x00007ffa92eab000 	C:\WINDOWS\system32\IMM32.DLL
0x00000000654c0000 - 0x0000000065592000 	C:\Program Files\Java\jdk1.8.0_66\jre\bin\msvcr100.dll
0x0000000064c30000 - 0x00000000654b9000 	C:\Program Files\Java\jdk1.8.0_66\jre\bin\server\jvm.dll
0x00000000009f0000 - 0x00000000009f8000 	C:\WINDOWS\system32\PSAPI.DLL
0x00007ffa84930000 - 0x00007ffa84939000 	C:\WINDOWS\SYSTEM32\WSOCK32.dll
0x00007ffa92ec0000 - 0x00007ffa92f2b000 	C:\WINDOWS\system32\WS2_32.dll
0x00007ffa8c870000 - 0x00007ffa8c893000 	C:\WINDOWS\SYSTEM32\WINMM.dll
0x00007ffa89d40000 - 0x00007ffa89d4a000 	C:\WINDOWS\SYSTEM32\VERSION.dll
0x00007ffa8c810000 - 0x00007ffa8c83c000 	C:\WINDOWS\SYSTEM32\WINMMBASE.dll
0x00007ffa906c0000 - 0x00007ffa90703000 	C:\WINDOWS\system32\cfgmgr32.dll
0x0000000064c20000 - 0x0000000064c2f000 	C:\Program Files\Java\jdk1.8.0_66\jre\bin\verify.dll
0x0000000064bf0000 - 0x0000000064c19000 	C:\Program Files\Java\jdk1.8.0_66\jre\bin\java.dll
0x0000000064bd0000 - 0x0000000064be6000 	C:\Program Files\Java\jdk1.8.0_66\jre\bin\zip.dll
0x00007ffa91620000 - 0x00007ffa92b7f000 	C:\WINDOWS\system32\SHELL32.dll
0x00007ffa908f0000 - 0x00007ffa90f34000 	C:\WINDOWS\system32\windows.storage.dll
0x00007ffa93490000 - 0x00007ffa934e2000 	C:\WINDOWS\system32\shlwapi.dll
0x00007ffa90270000 - 0x00007ffa9027f000 	C:\WINDOWS\system32\kernel.appcore.dll
0x00007ffa907c0000 - 0x00007ffa90875000 	C:\WINDOWS\system32\shcore.dll
0x00007ffa90280000 - 0x00007ffa902cb000 	C:\WINDOWS\system32\powrprof.dll
0x00007ffa90250000 - 0x00007ffa90264000 	C:\WINDOWS\system32\profapi.dll
0x00007ffa83d40000 - 0x00007ffa83d50000 	C:\Program Files (x86)\JetBrains\IntelliJ IDEA Community Edition 15.0.2\bin\breakgen64.dll
0x0000000064bb0000 - 0x0000000064bca000 	C:\Program Files\Java\jdk1.8.0_66\jre\bin\net.dll
0x00007ffa8fb20000 - 0x00007ffa8fb7c000 	C:\WINDOWS\system32\mswsock.dll
0x00007ffa809a0000 - 0x00007ffa80a28000 	C:\Official Projects\ThunderEngine\ThunderEngine\native\lwjgl.dll
0x00007ffa8fcf0000 - 0x00007ffa8fcfb000 	C:\WINDOWS\SYSTEM32\CRYPTBASE.DLL
0x00007ffa80950000 - 0x00007ffa80992000 	C:\Official Projects\ThunderEngine\ThunderEngine\native\jemalloc.dll
0x00007ffa80910000 - 0x00007ffa80948000 	C:\Official Projects\ThunderEngine\ThunderEngine\native\glfw.dll
0x00007ffa8ec80000 - 0x00007ffa8ed16000 	C:\WINDOWS\system32\uxtheme.dll
0x00007ffa8e930000 - 0x00007ffa8e952000 	C:\WINDOWS\SYSTEM32\dwmapi.dll
0x00007ffa807e0000 - 0x00007ffa80909000 	C:\WINDOWS\SYSTEM32\opengl32.dll
0x00007ffa807b0000 - 0x00007ffa807de000 	C:\WINDOWS\SYSTEM32\GLU32.dll
0x00007ffa6b860000 - 0x00007ffa6b95a000 	C:\WINDOWS\SYSTEM32\DDRAW.dll
0x00007ffa82f10000 - 0x00007ffa82f18000 	C:\WINDOWS\SYSTEM32\DCIMAN32.dll
0x00007ffa934f0000 - 0x00007ffa9364a000 	C:\WINDOWS\system32\MSCTF.dll
0x00007ffa7ee30000 - 0x00007ffa7eed3000 	C:\Program Files\Common Files\microsoft shared\ink\tiptsf.dll
0x00007ffa93800000 - 0x00007ffa938c1000 	C:\WINDOWS\system32\OLEAUT32.dll
0x00007ffa80790000 - 0x00007ffa807a8000 	C:\WINDOWS\SYSTEM32\atig6pxx.dll
0x0000000062db0000 - 0x0000000064bb0000 	C:\WINDOWS\SYSTEM32\atio6axx.dll
0x00007ffa91030000 - 0x00007ffa91459000 	C:\WINDOWS\system32\SETUPAPI.dll
0x00007ffa6cde0000 - 0x00007ffa6cf21000 	C:\WINDOWS\SYSTEM32\atiadlxx.dll
0x00007ffa93170000 - 0x00007ffa932b3000 	C:\WINDOWS\system32\ole32.dll
0x00007ffa8dc90000 - 0x00007ffa8de16000 	C:\WINDOWS\SYSTEM32\PROPSYS.dll
0x00007ffa8f9b0000 - 0x00007ffa8f9cf000 	C:\WINDOWS\SYSTEM32\USERENV.dll
0x00007ffa8e960000 - 0x00007ffa8e973000 	C:\WINDOWS\SYSTEM32\WTSAPI32.dll
0x00007ffa8e220000 - 0x00007ffa8e258000 	C:\WINDOWS\SYSTEM32\IPHLPAPI.DLL
0x00007ffa8ed20000 - 0x00007ffa8ed47000 	C:\WINDOWS\SYSTEM32\DEVOBJ.dll
0x00007ffa90fd0000 - 0x00007ffa91025000 	C:\WINDOWS\system32\WINTRUST.dll
0x00007ffa902d0000 - 0x00007ffa902e0000 	C:\WINDOWS\system32\MSASN1.dll
0x00007ffa902e0000 - 0x00007ffa904a7000 	C:\WINDOWS\system32\CRYPT32.dll
0x00007ffa80760000 - 0x00007ffa8078c000 	C:\WINDOWS\SYSTEM32\atig6txx.dll
0x0000000062bf0000 - 0x0000000062d88000 	C:\Program Files\Java\jdk1.8.0_66\jre\bin\awt.dll
0x00007ffa8c930000 - 0x00007ffa8c9a9000 	C:\WINDOWS\system32\apphelp.dll
0x00007ffa8fbd0000 - 0x00007ffa8fbe7000 	C:\WINDOWS\SYSTEM32\CRYPTSP.dll
0x00007ffa8f860000 - 0x00007ffa8f894000 	C:\WINDOWS\system32\rsaenh.dll
0x00007ffa90180000 - 0x00007ffa901a9000 	C:\WINDOWS\SYSTEM32\bcrypt.dll
0x00007ffa92eb0000 - 0x00007ffa92eb8000 	C:\WINDOWS\system32\NSI.dll
0x00007ffa8d510000 - 0x00007ffa8d526000 	C:\WINDOWS\SYSTEM32\dhcpcsvc6.DLL
0x00007ffa8d770000 - 0x00007ffa8d78a000 	C:\WINDOWS\SYSTEM32\dhcpcsvc.DLL
0x0000000062d90000 - 0x0000000062da1000 	C:\Program Files\Java\jdk1.8.0_66\jre\bin\nio.dll
0x00007ffa609f0000 - 0x00007ffa60ac9000 	C:\Official Projects\ThunderEngine\ThunderEngine\native\OpenAL.dll
0x00007ffa92f30000 - 0x00007ffa92fd7000 	C:\WINDOWS\system32\clbcatq.dll
0x00007ffa8cb80000 - 0x00007ffa8cbf0000 	C:\WINDOWS\System32\MMDevApi.dll
0x00007ffa74530000 - 0x00007ffa745cc000 	C:\WINDOWS\SYSTEM32\dsound.dll
0x00007ffa88ec0000 - 0x00007ffa88f48000 	C:\WINDOWS\SYSTEM32\AUDIOSES.DLL
0x00007ffa8cfd0000 - 0x00007ffa8d106000 	C:\WINDOWS\SYSTEM32\wintypes.dll
0x00007ffa660f0000 - 0x00007ffa6627c000 	C:\WINDOWS\SYSTEM32\dbghelp.dll

VM Arguments:
jvm_args: -Djava.library.path=native/ -Didea.launcher.port=7541 -Didea.launcher.bin.path=C:\Program Files (x86)\JetBrains\IntelliJ IDEA Community Edition 15.0.2\bin -Dfile.encoding=UTF-8 
java_command: com.intellij.rt.execution.application.AppMain TestingClass
java_class_path (initial): C:\Program Files\Java\jdk1.8.0_66\jre\lib\charsets.jar;C:\Program Files\Java\jdk1.8.0_66\jre\lib\deploy.jar;C:\Program Files\Java\jdk1.8.0_66\jre\lib\ext\access-bridge-64.jar;C:\Program Files\Java\jdk1.8.0_66\jre\lib\ext\cldrdata.jar;C:\Program Files\Java\jdk1.8.0_66\jre\lib\ext\dnsns.jar;C:\Program Files\Java\jdk1.8.0_66\jre\lib\ext\jaccess.jar;C:\Program Files\Java\jdk1.8.0_66\jre\lib\ext\jfxrt.jar;C:\Program Files\Java\jdk1.8.0_66\jre\lib\ext\localedata.jar;C:\Program Files\Java\jdk1.8.0_66\jre\lib\ext\nashorn.jar;C:\Program Files\Java\jdk1.8.0_66\jre\lib\ext\sunec.jar;C:\Program Files\Java\jdk1.8.0_66\jre\lib\ext\sunjce_provider.jar;C:\Program Files\Java\jdk1.8.0_66\jre\lib\ext\sunmscapi.jar;C:\Program Files\Java\jdk1.8.0_66\jre\lib\ext\sunpkcs11.jar;C:\Program Files\Java\jdk1.8.0_66\jre\lib\ext\zipfs.jar;C:\Program Files\Java\jdk1.8.0_66\jre\lib\javaws.jar;C:\Program Files\Java\jdk1.8.0_66\jre\lib\jce.jar;C:\Program Files\Java\jdk1.8.0_66\jre\lib\jfr.jar;C:\Program Files\Java\jdk1.8.0_66\jre\lib\jfxswt.jar;C:\Program Files\Java\jdk1.8.0_66\jre\lib\jsse.jar;C:\Program Files\Java\jdk1.8.0_66\jre\lib\management-agent.jar;C:\Program Files\Java\jdk1.8.0_66\jre\lib\plugin.jar;C:\Program Files\Java\jdk1.8.0_66\jre\lib\resources.jar;C:\Program Files\Java\jdk1.8.0_66\jre\lib\rt.jar;C:\Official Projects\ThunderEngine\ThunderEngine\out\production\ThunderEngine;C:\Official Projects\ThunderEngine\ThunderEngine\libs\lwjgl.jar;C:\Program Files (x86)\JetBrains\IntelliJ IDEA Community Edition 15.0.2\lib\idea_rt.jar
Launcher Type: SUN_STANDARD

Environment Variables:
PATH=C:\Program Files (x86)\NVIDIA Corporation\PhysX\Common;C:\ProgramData\Oracle\Java\javapath;C:\WINDOWS\system32;C:\WINDOWS;C:\WINDOWS\System32\Wbem;C:\WINDOWS\System32\WindowsPowerShell\v1.0\;C:\Program Files (x86)\ATI Technologies\ATI.ACE\Core-Static;C:\Users\Alex Cusaac\.dnx\bin;C:\Program Files\Microsoft DNX\Dnvm\;C:\Program Files (x86)\Windows Kits\8.1\Windows Performance Toolkit\;C:\Program Files\Java\jdk1.8.0_66\bin;C:\Program Files (x86)\Skype\Phone\;C:\Program Files\D3DGear;C:\Program Files (x86)\GtkSharp\2.12\bin;C:\Gource;C:\Git\bin
USERNAME=Alex Cusaac
OS=Windows_NT
PROCESSOR_IDENTIFIER=Intel64 Family 6 Model 42 Stepping 7, GenuineIntel



---------------  S Y S T E M  ---------------

OS: Windows 10.0 , 64 bit Build 10586 (10.0.10586.0)

CPU:total 4 (2 cores per cpu, 2 threads per core) family 6 model 42 stepping 7, cmov, cx8, fxsr, mmx, sse, sse2, sse3, ssse3, sse4.1, sse4.2, popcnt, avx, clmul, ht, tsc, tscinvbit

Memory: 4k page, physical 4176528k(1494836k free), swap 8665992k(2337584k free)

vm_info: Java HotSpot(TM) 64-Bit Server VM (25.66-b18) for windows-amd64 JRE (1.8.0_66-b18), built on Nov  9 2015 10:51:13 by "java_re" with MS VC++ 10.0 (VS2010)

time: Fri Feb 19 15:42:05 2016
elapsed time: 1 seconds (0d 0h 0m 1s)

