#
# A fatal error has been detected by the Java Runtime Environment:
#
#  EXCEPTION_ACCESS_VIOLATION (0xc0000005) at pc=0x00007ffa93c5d773, pid=7788, tid=8688
#
# JRE version: Java(TM) SE Runtime Environment (8.0_66-b18) (build 1.8.0_66-b18)
# Java VM: Java HotSpot(TM) 64-Bit Server VM (25.66-b18 mixed mode windows-amd64 compressed oops)
# Problematic frame:
# C  [ntdll.dll+0x2d773]
#
# Failed to write core dump. Minidumps are not enabled by default on client versions of Windows
#
# If you would like to submit a bug report, please visit:
#   http://bugreport.java.com/bugreport/crash.jsp
# The crash happened outside the Java Virtual Machine in native code.
# See problematic frame for where to report the bug.
#

---------------  T H R E A D  ---------------

Current thread (0x000000001637d800):  JavaThread "Main" [_thread_in_native, id=8688, stack(0x00000000169a0000,0x0000000016aa0000)]

siginfo: ExceptionCode=0xc0000005, writing address 0x0000000000000008

Registers:
RAX=0x7ffffffffffff000, RBX=0x0000000000000000, RCX=0x0000000000000008, RDX=0x0000000019d50000
RSP=0x0000000016a9f0a0, RBP=0x0000000016a9f1e0, RSI=0x0000000000000000, RDI=0x0000000000000008
R8 =0x0000000019d56940, R9 =0x3444046e80007000, R10=0x0000000019ad2000, R11=0x0000000019ad1008
R12=0x0000000000000000, R13=0x000000001448da88, R14=0x0000000016a9f218, R15=0x000000001637d800
RIP=0x00007ffa93c5d773, EFLAGS=0x0000000000010246

Top of Stack: (sp=0x0000000016a9f0a0)
0x0000000016a9f0a0:   00000000000000b8 0000000016a9f300
0x0000000016a9f0b0:   0000000000000007 0000000064cc923f
0x0000000016a9f0c0:   000000006521be28 000000000226c550
0x0000000016a9f0d0:   0000000000000004 000000000000000e
0x0000000016a9f0e0:   0000000016370000 0000000064ce6920
0x0000000016a9f0f0:   0000000019d56940 00007ffa81198f9b
0x0000000016a9f100:   0000000000000000 0000000016a9f300
0x0000000016a9f110:   0000000016a9f348 0000000019d50000
0x0000000016a9f120:   0000000019d56940 00007ffa81192139
0x0000000016a9f130:   0000000019ad1008 0000000019ad2000
0x0000000016a9f140:   00000000000000b8 0000000016a9f280
0x0000000016a9f150:   0000000002327730 0000000002335e34
0x0000000016a9f160:   000000001448da88 0000000000000188
0x0000000016a9f170:   0000000016379310 0000000064ceb73b
0x0000000016a9f180:   0000000016a9f808 000000001448ff58
0x0000000016a9f190:   0000000016a9f280 000000001448ff58 

Instructions: (pc=0x00007ffa93c5d773)
0x00007ffa93c5d753:   cc cc cc cc cc cc cc cc cc cc cc cc cc 48 89 74
0x00007ffa93c5d763:   24 20 57 48 83 ec 50 33 f6 48 8b f9 89 74 24 60
0x00007ffa93c5d773:   f0 48 0f ba 29 00 72 0b 48 8b 74 24 78 48 83 c4
0x00007ffa93c5d783:   50 5f c3 48 89 5c 24 70 48 8b 19 f6 c3 01 0f 84 


Register to memory mapping:

RAX=0x7ffffffffffff000 is an unknown value
RBX=0x0000000000000000 is an unknown value
RCX=0x0000000000000008 is an unknown value
RDX=0x0000000019d50000 is an unknown value
RSP=0x0000000016a9f0a0 is pointing into the stack for thread: 0x000000001637d800
RBP=0x0000000016a9f1e0 is pointing into the stack for thread: 0x000000001637d800
RSI=0x0000000000000000 is an unknown value
RDI=0x0000000000000008 is an unknown value
R8 =0x0000000019d56940 is an unknown value
R9 =0x3444046e80007000 is an unknown value
R10=0x0000000019ad2000 is an unknown value
R11=0x0000000019ad1008 is an unknown value
R12=0x0000000000000000 is an unknown value
R13={method} {0x000000001448da90} 'invokePV' '(JJ)V' in 'org/lwjgl/system/JNI'
R14=0x0000000016a9f218 is pointing into the stack for thread: 0x000000001637d800
R15=0x000000001637d800 is a thread


Stack: [0x00000000169a0000,0x0000000016aa0000],  sp=0x0000000016a9f0a0,  free space=1020k
Native frames: (J=compiled Java code, j=interpreted, Vv=VM code, C=native code)
C  [ntdll.dll+0x2d773]
C  [jemalloc.dll+0x8f9b]
C  [jemalloc.dll+0x2139]
C  0x0000000002335e34

Java frames: (J=compiled Java code, j=interpreted, Vv=VM code)
j  org.lwjgl.system.JNI.invokePV(JJ)V+0
j  org.lwjgl.system.jemalloc.JEmalloc.nje_free(J)V+9
j  org.lwjgl.system.MemoryManage$JEmallocAllocator.free(J)V+1
j  org.lwjgl.system.MemoryUtil.nmemFree(J)V+4
j  org.lwjgl.system.Struct.free()V+4
j  com.MightyChubz.core.Audio.demo()V+57
j  TestingClass.load()V+73
j  com.MightyChubz.core.Main.load()V+241
j  com.MightyChubz.core.Main.run()V+1
j  java.lang.Thread.run()V+11
v  ~StubRoutines::call_stub

---------------  P R O C E S S  ---------------

Java Threads: ( => current thread )
  0x0000000019d08800 JavaThread "Java2D Disposer" daemon [_thread_blocked, id=4204, stack(0x000000001a670000,0x000000001a770000)]
  0x00000000004cd800 JavaThread "DestroyJavaVM" [_thread_blocked, id=8912, stack(0x0000000002120000,0x0000000002220000)]
=>0x000000001637d800 JavaThread "Main" [_thread_in_native, id=8688, stack(0x00000000169a0000,0x0000000016aa0000)]
  0x0000000016312000 JavaThread "Monitor Ctrl-Break" daemon [_thread_in_native, id=8080, stack(0x00000000168a0000,0x00000000169a0000)]
  0x0000000014a1e800 JavaThread "Service Thread" daemon [_thread_blocked, id=3592, stack(0x0000000016620000,0x0000000016720000)]
  0x00000000149c9000 JavaThread "C1 CompilerThread2" daemon [_thread_blocked, id=9052, stack(0x0000000016120000,0x0000000016220000)]
  0x00000000149c2000 JavaThread "C2 CompilerThread1" daemon [_thread_blocked, id=8456, stack(0x0000000016020000,0x0000000016120000)]
  0x00000000149bf800 JavaThread "C2 CompilerThread0" daemon [_thread_blocked, id=5688, stack(0x0000000015f20000,0x0000000016020000)]
  0x00000000149be000 JavaThread "Attach Listener" daemon [_thread_blocked, id=8616, stack(0x0000000015e20000,0x0000000015f20000)]
  0x00000000149bd000 JavaThread "Signal Dispatcher" daemon [_thread_blocked, id=1740, stack(0x0000000015d20000,0x0000000015e20000)]
  0x0000000002317000 JavaThread "Finalizer" daemon [_thread_blocked, id=2320, stack(0x0000000015c20000,0x0000000015d20000)]
  0x000000000230e000 JavaThread "Reference Handler" daemon [_thread_blocked, id=8264, stack(0x0000000015b20000,0x0000000015c20000)]

Other Threads:
  0x0000000014987800 VMThread [stack: 0x0000000015a20000,0x0000000015b20000] [id=8476]
  0x0000000016267000 WatcherThread [stack: 0x0000000016720000,0x0000000016820000] [id=5444]

VM state:not at safepoint (normal execution)

VM Mutex/Monitor currently owned by a thread: None

Heap:
 PSYoungGen      total 18944K, used 4326K [0x00000000eac00000, 0x00000000ec100000, 0x0000000100000000)
  eden space 16384K, 10% used [0x00000000eac00000,0x00000000eadbdbf0,0x00000000ebc00000)
  from space 2560K, 99% used [0x00000000ebc00000,0x00000000ebe7bf08,0x00000000ebe80000)
  to   space 2560K, 0% used [0x00000000ebe80000,0x00000000ebe80000,0x00000000ec100000)
 ParOldGen       total 44032K, used 1255K [0x00000000c0400000, 0x00000000c2f00000, 0x00000000eac00000)
  object space 44032K, 2% used [0x00000000c0400000,0x00000000c0539f78,0x00000000c2f00000)
 Metaspace       used 10503K, capacity 10690K, committed 11008K, reserved 1058816K
  class space    used 911K, capacity 985K, committed 1024K, reserved 1048576K

Card table byte_map: [0x00000000116e0000,0x00000000118e0000] byte_map_base: 0x00000000110de000

Marking Bits: (ParMarkBitMap*) 0x000000006543a5b0
 Begin Bits: [0x0000000011e40000, 0x0000000012e30000)
 End Bits:   [0x0000000012e30000, 0x0000000013e20000)

Polling page: 0x0000000000520000

CodeCache: size=245760Kb used=2598Kb max_used=2607Kb free=243161Kb
 bounds [0x0000000002320000, 0x00000000025b0000, 0x0000000011320000]
 total_blobs=1315 nmethods=580 adapters=648
 compilation: enabled

Compilation events (10 events):
Event: 1.251 Thread 0x00000000149c9000  574       3       sun.misc.SharedSecrets::getJavaLangAccess (4 bytes)
Event: 1.251 Thread 0x00000000149c9000 nmethod 574 0x00000000025a7310 code [0x00000000025a7460, 0x00000000025a7590]
Event: 1.251 Thread 0x00000000149c9000  577       3       java.io.BufferedInputStream::getInIfOpen (21 bytes)
Event: 1.251 Thread 0x00000000149c9000 nmethod 577 0x00000000025a6e90 code [0x00000000025a7000, 0x00000000025a7248]
Event: 1.251 Thread 0x00000000149c9000  575       3       java.nio.channels.spi.AbstractInterruptibleChannel::blockedOn (13 bytes)
Event: 1.252 Thread 0x00000000149c9000 nmethod 575 0x00000000025a6610 code [0x00000000025a67a0, 0x00000000025a6c90]
Event: 1.252 Thread 0x00000000149c9000  576       3       java.lang.System$2::blockedOn (6 bytes)
Event: 1.252 Thread 0x00000000149c9000 nmethod 576 0x00000000025a5f50 code [0x00000000025a60c0, 0x00000000025a64b0]
Event: 1.254 Thread 0x00000000149c9000  580       3       java.io.FileInputStream::read (8 bytes)
Event: 1.254 Thread 0x00000000149c9000 nmethod 580 0x00000000025aa090 code [0x00000000025aa200, 0x00000000025aa388]

GC Heap History (2 events):
Event: 1.129 GC heap before
{Heap before GC invocations=1 (full 0):
 PSYoungGen      total 18944K, used 16378K [0x00000000eac00000, 0x00000000ec100000, 0x0000000100000000)
  eden space 16384K, 99% used [0x00000000eac00000,0x00000000ebbfeaf8,0x00000000ebc00000)
  from space 2560K, 0% used [0x00000000ebe80000,0x00000000ebe80000,0x00000000ec100000)
  to   space 2560K, 0% used [0x00000000ebc00000,0x00000000ebc00000,0x00000000ebe80000)
 ParOldGen       total 44032K, used 0K [0x00000000c0400000, 0x00000000c2f00000, 0x00000000eac00000)
  object space 44032K, 0% used [0x00000000c0400000,0x00000000c0400000,0x00000000c2f00000)
 Metaspace       used 9795K, capacity 9922K, committed 10240K, reserved 1058816K
  class space    used 851K, capacity 921K, committed 1024K, reserved 1048576K
Event: 1.134 GC heap after
Heap after GC invocations=1 (full 0):
 PSYoungGen      total 18944K, used 2543K [0x00000000eac00000, 0x00000000ec100000, 0x0000000100000000)
  eden space 16384K, 0% used [0x00000000eac00000,0x00000000eac00000,0x00000000ebc00000)
  from space 2560K, 99% used [0x00000000ebc00000,0x00000000ebe7bf08,0x00000000ebe80000)
  to   space 2560K, 0% used [0x00000000ebe80000,0x00000000ebe80000,0x00000000ec100000)
 ParOldGen       total 44032K, used 1255K [0x00000000c0400000, 0x00000000c2f00000, 0x00000000eac00000)
  object space 44032K, 2% used [0x00000000c0400000,0x00000000c0539f78,0x00000000c2f00000)
 Metaspace       used 9795K, capacity 9922K, committed 10240K, reserved 1058816K
  class space    used 851K, capacity 921K, committed 1024K, reserved 1048576K
}

Deoptimization events (5 events):
Event: 0.916 Thread 0x000000001637d800 Uncommon trap: reason=unstable_if action=reinterpret pc=0x00000000024da178 method=sun.misc.URLClassPath.getLoader(I)Lsun/misc/URLClassPath$Loader; @ 36
Event: 0.916 Thread 0x000000001637d800 Uncommon trap: reason=unstable_if action=reinterpret pc=0x00000000024d8c10 method=sun.misc.URLClassPath.getLoader(I)Lsun/misc/URLClassPath$Loader; @ 36
Event: 0.916 Thread 0x000000001637d800 Uncommon trap: reason=unstable_if action=reinterpret pc=0x00000000024de008 method=sun.misc.MetaIndex.mayContain(Ljava/lang/String;)Z @ 13
Event: 0.917 Thread 0x000000001637d800 Uncommon trap: reason=unstable_if action=reinterpret pc=0x00000000024d6184 method=sun.misc.MetaIndex.mayContain(Ljava/lang/String;)Z @ 13
Event: 1.043 Thread 0x000000001637d800 Uncommon trap: reason=unstable_if action=reinterpret pc=0x00000000024d9760 method=java.lang.String.indexOf([CII[CIII)I @ 3

Internal exceptions (9 events):
Event: 0.077 Thread 0x00000000004cd800 Exception <a 'java/lang/NoSuchMethodError': Method sun.misc.Unsafe.defineClass(Ljava/lang/String;[BII)Ljava/lang/Class; name or signature does not match> (0x00000000eac0d9b8) thrown at [C:\re\workspace\8-2-build-windows-amd64-cygwin\jdk8u66\5298\hotspot\srébkRÚµ³?
Event: 0.077 Thread 0x00000000004cd800 Exception <a 'java/lang/NoSuchMethodError': Method sun.misc.Unsafe.prefetchRead(Ljava/lang/Object;J)V name or signature does not match> (0x00000000eac0dca0) thrown at [C:\re\workspace\8-2-build-windows-amd64-cygwin\jdk8u66\5298\hotspot\src\share\vm\prims\jZF#OYí?
Event: 0.917 Thread 0x000000001637d800 Exception <a 'java/security/PrivilegedActionException'> (0x00000000eba0c6b8) thrown at [C:\re\workspace\8-2-build-windows-amd64-cygwin\jdk8u66\5298\hotspot\src\share\vm\prims\jvm.cpp, line 1386]
Event: 0.917 Thread 0x000000001637d800 Exception <a 'java/security/PrivilegedActionException'> (0x00000000eba0c8c8) thrown at [C:\re\workspace\8-2-build-windows-amd64-cygwin\jdk8u66\5298\hotspot\src\share\vm\prims\jvm.cpp, line 1386]
Event: 0.918 Thread 0x000000001637d800 Exception <a 'java/security/PrivilegedActionException'> (0x00000000eba10710) thrown at [C:\re\workspace\8-2-build-windows-amd64-cygwin\jdk8u66\5298\hotspot\src\share\vm\prims\jvm.cpp, line 1386]
Event: 0.918 Thread 0x000000001637d800 Exception <a 'java/security/PrivilegedActionException'> (0x00000000eba10920) thrown at [C:\re\workspace\8-2-build-windows-amd64-cygwin\jdk8u66\5298\hotspot\src\share\vm\prims\jvm.cpp, line 1386]
Event: 0.934 Thread 0x000000001637d800 Exception <a 'java/io/FileNotFoundException'> (0x00000000eba1d800) thrown at [C:\re\workspace\8-2-build-windows-amd64-cygwin\jdk8u66\5298\hotspot\src\share\vm\prims\jni.cpp, line 709]
Event: 0.990 Thread 0x000000001637d800 Exception <a 'java/lang/NoSuchFieldError': method resolution failed> (0x00000000ebaead80) thrown at [C:\re\workspace\8-2-build-windows-amd64-cygwin\jdk8u66\5298\hotspot\src\share\vm\prims\methodHandles.cpp, line 1146]
Event: 0.992 Thread 0x000000001637d800 Exception <a 'java/lang/NoSuchFieldError': method resolution failed> (0x00000000ebaf8440) thrown at [C:\re\workspace\8-2-build-windows-amd64-cygwin\jdk8u66\5298\hotspot\src\share\vm\prims\methodHandles.cpp, line 1146]

Events (10 events):
Event: 1.246 loading class java/nio/channels/spi/AbstractInterruptibleChannel$1
Event: 1.246 loading class sun/nio/ch/Interruptible
Event: 1.246 loading class sun/nio/ch/Interruptible done
Event: 1.246 loading class java/nio/channels/spi/AbstractInterruptibleChannel$1 done
Event: 1.255 loading class org/lwjgl/stb/STBVorbis
Event: 1.255 loading class org/lwjgl/stb/STBVorbis done
Event: 1.727 loading class org/lwjgl/openal/ALUtil
Event: 1.727 loading class org/lwjgl/openal/ALUtil done
Event: 1.728 loading class org/lwjgl/openal/OpenALException
Event: 1.728 loading class org/lwjgl/openal/OpenALException done


Dynamic libraries:
0x00007ff6517c0000 - 0x00007ff6517f7000 	C:\Program Files\Java\jdk1.8.0_66\bin\java.exe
0x00007ffa93c30000 - 0x00007ffa93df1000 	C:\WINDOWS\SYSTEM32\ntdll.dll
0x00007ffa92c50000 - 0x00007ffa92cfd000 	C:\WINDOWS\system32\KERNEL32.DLL
0x00007ffa8ea90000 - 0x00007ffa8eac2000 	C:\Program Files (x86)\AVG\Av\avghooka.dll
0x00007ffa904b0000 - 0x00007ffa90698000 	C:\WINDOWS\system32\KERNELBASE.dll
0x00007ffa92b80000 - 0x00007ffa92c27000 	C:\WINDOWS\system32\ADVAPI32.dll
0x00007ffa91460000 - 0x00007ffa914fd000 	C:\WINDOWS\system32\msvcrt.dll
0x00007ffa932c0000 - 0x00007ffa9331b000 	C:\WINDOWS\system32\sechost.dll
0x00007ffa91500000 - 0x00007ffa9161c000 	C:\WINDOWS\system32\RPCRT4.dll
0x00007ffa92d10000 - 0x00007ffa92e66000 	C:\WINDOWS\system32\USER32.dll
0x00007ffa92fe0000 - 0x00007ffa93166000 	C:\WINDOWS\system32\GDI32.dll
0x00007ffa866d0000 - 0x00007ffa86944000 	C:\WINDOWS\WinSxS\amd64_microsoft.windows.common-controls_6595b64144ccf1df_6.0.10586.0_none_8c15ae12515e1c22\COMCTL32.dll
0x00007ffa93940000 - 0x00007ffa93bbd000 	C:\WINDOWS\system32\combase.dll
0x00007ffa90880000 - 0x00007ffa908ea000 	C:\WINDOWS\system32\bcryptPrimitives.dll
0x00007ffa92e70000 - 0x00007ffa92eab000 	C:\WINDOWS\system32\IMM32.DLL
0x00000000654c0000 - 0x0000000065592000 	C:\Program Files\Java\jdk1.8.0_66\jre\bin\msvcr100.dll
0x0000000064c30000 - 0x00000000654b9000 	C:\Program Files\Java\jdk1.8.0_66\jre\bin\server\jvm.dll
0x00000000007e0000 - 0x00000000007e8000 	C:\WINDOWS\system32\PSAPI.DLL
0x00007ffa84930000 - 0x00007ffa84939000 	C:\WINDOWS\SYSTEM32\WSOCK32.dll
0x00007ffa92ec0000 - 0x00007ffa92f2b000 	C:\WINDOWS\system32\WS2_32.dll
0x00007ffa8c870000 - 0x00007ffa8c893000 	C:\WINDOWS\SYSTEM32\WINMM.dll
0x00007ffa89d40000 - 0x00007ffa89d4a000 	C:\WINDOWS\SYSTEM32\VERSION.dll
0x00007ffa8c810000 - 0x00007ffa8c83c000 	C:\WINDOWS\SYSTEM32\WINMMBASE.dll
0x00007ffa906c0000 - 0x00007ffa90703000 	C:\WINDOWS\system32\cfgmgr32.dll
0x0000000064c20000 - 0x0000000064c2f000 	C:\Program Files\Java\jdk1.8.0_66\jre\bin\verify.dll
0x0000000064bf0000 - 0x0000000064c19000 	C:\Program Files\Java\jdk1.8.0_66\jre\bin\java.dll
0x0000000064bd0000 - 0x0000000064be6000 	C:\Program Files\Java\jdk1.8.0_66\jre\bin\zip.dll
0x00007ffa91620000 - 0x00007ffa92b7f000 	C:\WINDOWS\system32\SHELL32.dll
0x00007ffa908f0000 - 0x00007ffa90f34000 	C:\WINDOWS\system32\windows.storage.dll
0x00007ffa93490000 - 0x00007ffa934e2000 	C:\WINDOWS\system32\shlwapi.dll
0x00007ffa90270000 - 0x00007ffa9027f000 	C:\WINDOWS\system32\kernel.appcore.dll
0x00007ffa907c0000 - 0x00007ffa90875000 	C:\WINDOWS\system32\shcore.dll
0x00007ffa90280000 - 0x00007ffa902cb000 	C:\WINDOWS\system32\powrprof.dll
0x00007ffa90250000 - 0x00007ffa90264000 	C:\WINDOWS\system32\profapi.dll
0x00007ffa83d40000 - 0x00007ffa83d50000 	C:\Program Files (x86)\JetBrains\IntelliJ IDEA Community Edition 15.0.2\bin\breakgen64.dll
0x0000000064bb0000 - 0x0000000064bca000 	C:\Program Files\Java\jdk1.8.0_66\jre\bin\net.dll
0x00007ffa8fb20000 - 0x00007ffa8fb7c000 	C:\WINDOWS\system32\mswsock.dll
0x00007ffa809a0000 - 0x00007ffa80a28000 	C:\Official Projects\ThunderEngine\ThunderEngine\native\lwjgl.dll
0x00007ffa8fcf0000 - 0x00007ffa8fcfb000 	C:\WINDOWS\SYSTEM32\CRYPTBASE.DLL
0x00007ffa81190000 - 0x00007ffa811d2000 	C:\Official Projects\ThunderEngine\ThunderEngine\native\jemalloc.dll
0x00007ffa80960000 - 0x00007ffa80998000 	C:\Official Projects\ThunderEngine\ThunderEngine\native\glfw.dll
0x00007ffa8ec80000 - 0x00007ffa8ed16000 	C:\WINDOWS\system32\uxtheme.dll
0x00007ffa8e930000 - 0x00007ffa8e952000 	C:\WINDOWS\SYSTEM32\dwmapi.dll
0x00007ffa80830000 - 0x00007ffa80959000 	C:\WINDOWS\SYSTEM32\opengl32.dll
0x00007ffa80800000 - 0x00007ffa8082e000 	C:\WINDOWS\SYSTEM32\GLU32.dll
0x00007ffa80700000 - 0x00007ffa807fa000 	C:\WINDOWS\SYSTEM32\DDRAW.dll
0x00007ffa82f10000 - 0x00007ffa82f18000 	C:\WINDOWS\SYSTEM32\DCIMAN32.dll
0x00007ffa934f0000 - 0x00007ffa9364a000 	C:\WINDOWS\system32\MSCTF.dll
0x00007ffa7ee30000 - 0x00007ffa7eed3000 	C:\Program Files\Common Files\microsoft shared\ink\tiptsf.dll
0x00007ffa93800000 - 0x00007ffa938c1000 	C:\WINDOWS\system32\OLEAUT32.dll
0x00007ffa806e0000 - 0x00007ffa806f8000 	C:\WINDOWS\SYSTEM32\atig6pxx.dll
0x0000000062db0000 - 0x0000000064bb0000 	C:\WINDOWS\SYSTEM32\atio6axx.dll
0x00007ffa91030000 - 0x00007ffa91459000 	C:\WINDOWS\system32\SETUPAPI.dll
0x00007ffa6cde0000 - 0x00007ffa6cf21000 	C:\WINDOWS\SYSTEM32\atiadlxx.dll
0x00007ffa93170000 - 0x00007ffa932b3000 	C:\WINDOWS\system32\ole32.dll
0x00007ffa8dc90000 - 0x00007ffa8de16000 	C:\WINDOWS\SYSTEM32\PROPSYS.dll
0x00007ffa8f9b0000 - 0x00007ffa8f9cf000 	C:\WINDOWS\SYSTEM32\USERENV.dll
0x00007ffa8e960000 - 0x00007ffa8e973000 	C:\WINDOWS\SYSTEM32\WTSAPI32.dll
0x00007ffa8e220000 - 0x00007ffa8e258000 	C:\WINDOWS\SYSTEM32\IPHLPAPI.DLL
0x00007ffa8ed20000 - 0x00007ffa8ed47000 	C:\WINDOWS\SYSTEM32\DEVOBJ.dll
0x00007ffa90fd0000 - 0x00007ffa91025000 	C:\WINDOWS\system32\WINTRUST.dll
0x00007ffa902d0000 - 0x00007ffa902e0000 	C:\WINDOWS\system32\MSASN1.dll
0x00007ffa902e0000 - 0x00007ffa904a7000 	C:\WINDOWS\system32\CRYPT32.dll
0x00007ffa80620000 - 0x00007ffa8064c000 	C:\WINDOWS\SYSTEM32\atig6txx.dll
0x0000000062bf0000 - 0x0000000062d88000 	C:\Program Files\Java\jdk1.8.0_66\jre\bin\awt.dll
0x00007ffa8c930000 - 0x00007ffa8c9a9000 	C:\WINDOWS\system32\apphelp.dll
0x00007ffa8fbd0000 - 0x00007ffa8fbe7000 	C:\WINDOWS\SYSTEM32\CRYPTSP.dll
0x00007ffa8f860000 - 0x00007ffa8f894000 	C:\WINDOWS\system32\rsaenh.dll
0x00007ffa90180000 - 0x00007ffa901a9000 	C:\WINDOWS\SYSTEM32\bcrypt.dll
0x00007ffa92eb0000 - 0x00007ffa92eb8000 	C:\WINDOWS\system32\NSI.dll
0x00007ffa8d510000 - 0x00007ffa8d526000 	C:\WINDOWS\SYSTEM32\dhcpcsvc6.DLL
0x00007ffa8d770000 - 0x00007ffa8d78a000 	C:\WINDOWS\SYSTEM32\dhcpcsvc.DLL
0x0000000062d90000 - 0x0000000062da1000 	C:\Program Files\Java\jdk1.8.0_66\jre\bin\nio.dll
0x00007ffa6b880000 - 0x00007ffa6b959000 	C:\Official Projects\ThunderEngine\ThunderEngine\native\OpenAL.dll
0x00007ffa92f30000 - 0x00007ffa92fd7000 	C:\WINDOWS\system32\clbcatq.dll
0x00007ffa8cb80000 - 0x00007ffa8cbf0000 	C:\WINDOWS\System32\MMDevApi.dll
0x00007ffa74530000 - 0x00007ffa745cc000 	C:\WINDOWS\SYSTEM32\dsound.dll
0x00007ffa88ec0000 - 0x00007ffa88f48000 	C:\WINDOWS\SYSTEM32\AUDIOSES.DLL
0x00007ffa8cfd0000 - 0x00007ffa8d106000 	C:\WINDOWS\SYSTEM32\wintypes.dll
0x00007ffa660f0000 - 0x00007ffa6627c000 	C:\WINDOWS\SYSTEM32\dbghelp.dll

VM Arguments:
jvm_args: -Djava.library.path=native/ -Didea.launcher.port=7544 -Didea.launcher.bin.path=C:\Program Files (x86)\JetBrains\IntelliJ IDEA Community Edition 15.0.2\bin -Dfile.encoding=UTF-8 
java_command: com.intellij.rt.execution.application.AppMain TestingClass
java_class_path (initial): C:\Program Files\Java\jdk1.8.0_66\jre\lib\charsets.jar;C:\Program Files\Java\jdk1.8.0_66\jre\lib\deploy.jar;C:\Program Files\Java\jdk1.8.0_66\jre\lib\ext\access-bridge-64.jar;C:\Program Files\Java\jdk1.8.0_66\jre\lib\ext\cldrdata.jar;C:\Program Files\Java\jdk1.8.0_66\jre\lib\ext\dnsns.jar;C:\Program Files\Java\jdk1.8.0_66\jre\lib\ext\jaccess.jar;C:\Program Files\Java\jdk1.8.0_66\jre\lib\ext\jfxrt.jar;C:\Program Files\Java\jdk1.8.0_66\jre\lib\ext\localedata.jar;C:\Program Files\Java\jdk1.8.0_66\jre\lib\ext\nashorn.jar;C:\Program Files\Java\jdk1.8.0_66\jre\lib\ext\sunec.jar;C:\Program Files\Java\jdk1.8.0_66\jre\lib\ext\sunjce_provider.jar;C:\Program Files\Java\jdk1.8.0_66\jre\lib\ext\sunmscapi.jar;C:\Program Files\Java\jdk1.8.0_66\jre\lib\ext\sunpkcs11.jar;C:\Program Files\Java\jdk1.8.0_66\jre\lib\ext\zipfs.jar;C:\Program Files\Java\jdk1.8.0_66\jre\lib\javaws.jar;C:\Program Files\Java\jdk1.8.0_66\jre\lib\jce.jar;C:\Program Files\Java\jdk1.8.0_66\jre\lib\jfr.jar;C:\Program Files\Java\jdk1.8.0_66\jre\lib\jfxswt.jar;C:\Program Files\Java\jdk1.8.0_66\jre\lib\jsse.jar;C:\Program Files\Java\jdk1.8.0_66\jre\lib\management-agent.jar;C:\Program Files\Java\jdk1.8.0_66\jre\lib\plugin.jar;C:\Program Files\Java\jdk1.8.0_66\jre\lib\resources.jar;C:\Program Files\Java\jdk1.8.0_66\jre\lib\rt.jar;C:\Official Projects\ThunderEngine\ThunderEngine\out\production\ThunderEngine;C:\Official Projects\ThunderEngine\ThunderEngine\libs\lwjgl.jar;C:\Program Files (x86)\JetBrains\IntelliJ IDEA Community Edition 15.0.2\lib\idea_rt.jar
Launcher Type: SUN_STANDARD

Environment Variables:
PATH=C:\Program Files (x86)\NVIDIA Corporation\PhysX\Common;C:\ProgramData\Oracle\Java\javapath;C:\WINDOWS\system32;C:\WINDOWS;C:\WINDOWS\System32\Wbem;C:\WINDOWS\System32\WindowsPowerShell\v1.0\;C:\Program Files (x86)\ATI Technologies\ATI.ACE\Core-Static;C:\Users\Alex Cusaac\.dnx\bin;C:\Program Files\Microsoft DNX\Dnvm\;C:\Program Files (x86)\Windows Kits\8.1\Windows Performance Toolkit\;C:\Program Files\Java\jdk1.8.0_66\bin;C:\Program Files (x86)\Skype\Phone\;C:\Program Files\D3DGear;C:\Program Files (x86)\GtkSharp\2.12\bin;C:\Gource;C:\Git\bin
USERNAME=Alex Cusaac
OS=Windows_NT
PROCESSOR_IDENTIFIER=Intel64 Family 6 Model 42 Stepping 7, GenuineIntel



---------------  S Y S T E M  ---------------

OS: Windows 10.0 , 64 bit Build 10586 (10.0.10586.0)

CPU:total 4 (2 cores per cpu, 2 threads per core) family 6 model 42 stepping 7, cmov, cx8, fxsr, mmx, sse, sse2, sse3, ssse3, sse4.1, sse4.2, popcnt, avx, clmul, ht, tsc, tscinvbit

Memory: 4k page, physical 4176528k(1204068k free), swap 8665992k(2317356k free)

vm_info: Java HotSpot(TM) 64-Bit Server VM (25.66-b18) for windows-amd64 JRE (1.8.0_66-b18), built on Nov  9 2015 10:51:13 by "java_re" with MS VC++ 10.0 (VS2010)

time: Fri Feb 19 16:03:39 2016
elapsed time: 1 seconds (0d 0h 0m 1s)

