#
# A fatal error has been detected by the Java Runtime Environment:
#
#  EXCEPTION_ACCESS_VIOLATION (0xc0000005) at pc=0x00007ffa809d0185, pid=4812, tid=1792
#
# JRE version: Java(TM) SE Runtime Environment (8.0_66-b18) (build 1.8.0_66-b18)
# Java VM: Java HotSpot(TM) 64-Bit Server VM (25.66-b18 mixed mode windows-amd64 compressed oops)
# Problematic frame:
# C  [lwjgl.dll+0x30185]
#
# Failed to write core dump. Minidumps are not enabled by default on client versions of Windows
#
# If you would like to submit a bug report, please visit:
#   http://bugreport.java.com/bugreport/crash.jsp
# The crash happened outside the Java Virtual Machine in native code.
# See problematic frame for where to report the bug.
#

---------------  T H R E A D  ---------------

Current thread (0x00000000163af000):  JavaThread "Main" [_thread_in_native, id=1792, stack(0x0000000016a10000,0x0000000016b10000)]

siginfo: ExceptionCode=0xc0000005, reading address 0x0000000000000514

Registers:
RAX=0x0000d5bcc6cb27b5, RBX=0x000000001a6bfb58, RCX=0x00000000000004d0, RDX=0x0000000016b0eca0
RSP=0x0000000016b0ebc0, RBP=0x0000000016b0ec90, RSI=0x0000000000000108, RDI=0x0000000000000074
R8 =0x00000000000004d0, R9 =0x00000000163ae010, R10=0x00000000022a5e08, R11=0x0000000064e59570
R12=0x0000000000000000, R13=0x000000001a6bfb58, R14=0x0000000016b0ecb8, R15=0x00000000163af000
RIP=0x00007ffa809d0185, EFLAGS=0x0000000000010202

Top of Stack: (sp=0x0000000016b0ebc0)
0x0000000016b0ebc0:   000000001a6bfb58 00000000163af000
0x0000000016b0ebd0:   000000001a6bfb58 00000000163af000
0x0000000016b0ebe0:   0000000000000074 00000000022a5cc6
0x0000000016b0ebf0:   0000d5bcc6cb27b5 00000000163af000
0x0000000016b0ec00:   000000001a6bfb58 0000000000000108
0x0000000016b0ec10:   000000001a6bfb58 00000000022a5e34
0x0000000016b0ec20:   00000000163af000 000000001a6bfb58
0x0000000016b0ec30:   0000000000000108 00000000163af000
0x0000000016b0ec40:   0000000016b0ed18 00000000022a5b62
0x0000000016b0ec50:   0000000016b0ec50 000000001a6bfb58
0x0000000016b0ec60:   0000000016b0ecb8 000000001a6c10a0
0x0000000016b0ec70:   0000000000000000 000000001a6bfb58
0x0000000016b0ec80:   0000000000000000 0000000016b0ecb0
0x0000000016b0ec90:   0000000016b0ed00 0000000002297730
0x0000000016b0eca0:   00000000eada5b30 000000000229f976
0x0000000016b0ecb0:   00000000000004d0 0000000000000001 

Instructions: (pc=0x00007ffa809d0185)
0x00007ffa809d0165:   20 5b c3 cc cc cc cc cc cc cc cc 40 53 48 83 ec
0x00007ffa809d0175:   50 48 8b 05 43 3d 04 00 48 33 c4 48 89 44 24 30
0x00007ffa809d0185:   80 79 44 00 48 8b d9 74 2c 83 bb 80 00 00 00 00
0x00007ffa809d0195:   b9 02 00 00 00 8b c1 0f 44 c1 89 83 84 00 00 00 


Register to memory mapping:

RAX=0x0000d5bcc6cb27b5 is an unknown value
RBX={method} {0x000000001a6bfb60} 'nstb_vorbis_stream_length_in_samples' '(J)I' in 'org/lwjgl/stb/STBVorbis'
RCX=0x00000000000004d0 is an unknown value
RDX=0x0000000016b0eca0 is pointing into the stack for thread: 0x00000000163af000
RSP=0x0000000016b0ebc0 is pointing into the stack for thread: 0x00000000163af000
RBP=0x0000000016b0ec90 is pointing into the stack for thread: 0x00000000163af000
RSI=0x0000000000000108 is an unknown value
RDI=0x0000000000000074 is an unknown value
R8 =0x00000000000004d0 is an unknown value
R9 =0x00000000163ae010 is an unknown value
R10=0x00000000022a5e08 is at code_begin+840 in an Interpreter codelet
method entry point (kind = native)  [0x00000000022a5ac0, 0x00000000022a6420]  2400 bytes
R11=0x0000000064e59570 is an unknown value
R12=0x0000000000000000 is an unknown value
R13={method} {0x000000001a6bfb60} 'nstb_vorbis_stream_length_in_samples' '(J)I' in 'org/lwjgl/stb/STBVorbis'
R14=0x0000000016b0ecb8 is pointing into the stack for thread: 0x00000000163af000
R15=0x00000000163af000 is a thread


Stack: [0x0000000016a10000,0x0000000016b10000],  sp=0x0000000016b0ebc0,  free space=1018k
Native frames: (J=compiled Java code, j=interpreted, Vv=VM code, C=native code)
C  [lwjgl.dll+0x30185]
C  0x00000000022a5e34

Java frames: (J=compiled Java code, j=interpreted, Vv=VM code)
j  org.lwjgl.stb.STBVorbis.nstb_vorbis_stream_length_in_samples(J)I+0
j  org.lwjgl.stb.STBVorbis.stb_vorbis_stream_length_in_samples(J)I+12
j  com.MightyChubz.core.Audio.readVorbis(Ljava/lang/String;ILorg/lwjgl/stb/STBVorbisInfo;)Ljava/nio/ByteBuffer;+112
j  com.MightyChubz.core.Audio.demo()V+10
j  TestingClass.load()V+73
j  com.MightyChubz.core.Main.load()V+241
j  com.MightyChubz.core.Main.run()V+1
j  java.lang.Thread.run()V+11
v  ~StubRoutines::call_stub

---------------  P R O C E S S  ---------------

Java Threads: ( => current thread )
  0x0000000019d5a000 JavaThread "Java2D Disposer" daemon [_thread_blocked, id=7104, stack(0x000000001a750000,0x000000001a850000)]
  0x000000000218d800 JavaThread "DestroyJavaVM" [_thread_blocked, id=4524, stack(0x0000000002010000,0x0000000002110000)]
=>0x00000000163af000 JavaThread "Main" [_thread_in_native, id=1792, stack(0x0000000016a10000,0x0000000016b10000)]
  0x0000000016366000 JavaThread "Monitor Ctrl-Break" daemon [_thread_in_native, id=8336, stack(0x0000000016860000,0x0000000016960000)]
  0x0000000016286000 JavaThread "Service Thread" daemon [_thread_blocked, id=3164, stack(0x0000000016660000,0x0000000016760000)]
  0x0000000014937800 JavaThread "C1 CompilerThread2" daemon [_thread_blocked, id=4204, stack(0x0000000016160000,0x0000000016260000)]
  0x0000000014931000 JavaThread "C2 CompilerThread1" daemon [_thread_blocked, id=192, stack(0x0000000016060000,0x0000000016160000)]
  0x000000001492e800 JavaThread "C2 CompilerThread0" daemon [_thread_blocked, id=4628, stack(0x0000000015f60000,0x0000000016060000)]
  0x000000001492d800 JavaThread "Attach Listener" daemon [_thread_blocked, id=3820, stack(0x0000000015e60000,0x0000000015f60000)]
  0x000000001492c800 JavaThread "Signal Dispatcher" daemon [_thread_blocked, id=6856, stack(0x0000000015d60000,0x0000000015e60000)]
  0x0000000002288800 JavaThread "Finalizer" daemon [_thread_blocked, id=5748, stack(0x0000000015b80000,0x0000000015c80000)]
  0x0000000002280000 JavaThread "Reference Handler" daemon [_thread_blocked, id=9056, stack(0x0000000015a80000,0x0000000015b80000)]

Other Threads:
  0x00000000148f6800 VMThread [stack: 0x0000000015980000,0x0000000015a80000] [id=5112]
  0x00000000162a3000 WatcherThread [stack: 0x0000000016760000,0x0000000016860000] [id=4160]

VM state:not at safepoint (normal execution)

VM Mutex/Monitor currently owned by a thread: None

Heap:
 PSYoungGen      total 18944K, used 4326K [0x00000000eac00000, 0x00000000ec100000, 0x0000000100000000)
  eden space 16384K, 10% used [0x00000000eac00000,0x00000000eadbdbf0,0x00000000ebc00000)
  from space 2560K, 99% used [0x00000000ebc00000,0x00000000ebe7bf08,0x00000000ebe80000)
  to   space 2560K, 0% used [0x00000000ebe80000,0x00000000ebe80000,0x00000000ec100000)
 ParOldGen       total 44032K, used 1287K [0x00000000c0400000, 0x00000000c2f00000, 0x00000000eac00000)
  object space 44032K, 2% used [0x00000000c0400000,0x00000000c0541f88,0x00000000c2f00000)
 Metaspace       used 10488K, capacity 10658K, committed 11008K, reserved 1058816K
  class space    used 908K, capacity 953K, committed 1024K, reserved 1048576K

Card table byte_map: [0x0000000011650000,0x0000000011850000] byte_map_base: 0x000000001104e000

Marking Bits: (ParMarkBitMap*) 0x000000006543a5b0
 Begin Bits: [0x0000000011db0000, 0x0000000012da0000)
 End Bits:   [0x0000000012da0000, 0x0000000013d90000)

Polling page: 0x0000000000710000

CodeCache: size=245760Kb used=2583Kb max_used=2586Kb free=243176Kb
 bounds [0x0000000002290000, 0x0000000002520000, 0x0000000011290000]
 total_blobs=1324 nmethods=589 adapters=648
 compilation: enabled

Compilation events (10 events):
Event: 1.138 Thread 0x0000000014937800  583       3       sun.misc.SharedSecrets::getJavaLangAccess (4 bytes)
Event: 1.139 Thread 0x0000000014937800 nmethod 583 0x0000000002515a90 code [0x0000000002515be0, 0x0000000002515d10]
Event: 1.139 Thread 0x0000000014937800  584       3       java.nio.channels.spi.AbstractInterruptibleChannel::blockedOn (13 bytes)
Event: 1.139 Thread 0x0000000014937800 nmethod 584 0x0000000002515210 code [0x00000000025153a0, 0x0000000002515890]
Event: 1.139 Thread 0x0000000014937800  585       3       java.lang.System$2::blockedOn (6 bytes)
Event: 1.139 Thread 0x0000000014937800 nmethod 585 0x0000000002514b50 code [0x0000000002514cc0, 0x00000000025150b0]
Event: 1.140 Thread 0x0000000014937800  586       3       java.io.BufferedInputStream::getInIfOpen (21 bytes)
Event: 1.141 Thread 0x0000000014937800 nmethod 586 0x00000000025146d0 code [0x0000000002514840, 0x0000000002514a88]
Event: 1.142 Thread 0x0000000014937800  588       3       java.io.FileInputStream::read (8 bytes)
Event: 1.142 Thread 0x0000000014937800 nmethod 588 0x0000000002513f50 code [0x00000000025140c0, 0x0000000002514248]

GC Heap History (2 events):
Event: 1.033 GC heap before
{Heap before GC invocations=1 (full 0):
 PSYoungGen      total 18944K, used 16377K [0x00000000eac00000, 0x00000000ec100000, 0x0000000100000000)
  eden space 16384K, 99% used [0x00000000eac00000,0x00000000ebbfe7f0,0x00000000ebc00000)
  from space 2560K, 0% used [0x00000000ebe80000,0x00000000ebe80000,0x00000000ec100000)
  to   space 2560K, 0% used [0x00000000ebc00000,0x00000000ebc00000,0x00000000ebe80000)
 ParOldGen       total 44032K, used 0K [0x00000000c0400000, 0x00000000c2f00000, 0x00000000eac00000)
  object space 44032K, 0% used [0x00000000c0400000,0x00000000c0400000,0x00000000c2f00000)
 Metaspace       used 9795K, capacity 9922K, committed 10240K, reserved 1058816K
  class space    used 851K, capacity 921K, committed 1024K, reserved 1048576K
Event: 1.038 GC heap after
Heap after GC invocations=1 (full 0):
 PSYoungGen      total 18944K, used 2543K [0x00000000eac00000, 0x00000000ec100000, 0x0000000100000000)
  eden space 16384K, 0% used [0x00000000eac00000,0x00000000eac00000,0x00000000ebc00000)
  from space 2560K, 99% used [0x00000000ebc00000,0x00000000ebe7bf08,0x00000000ebe80000)
  to   space 2560K, 0% used [0x00000000ebe80000,0x00000000ebe80000,0x00000000ec100000)
 ParOldGen       total 44032K, used 1287K [0x00000000c0400000, 0x00000000c2f00000, 0x00000000eac00000)
  object space 44032K, 2% used [0x00000000c0400000,0x00000000c0541f88,0x00000000c2f00000)
 Metaspace       used 9795K, capacity 9922K, committed 10240K, reserved 1058816K
  class space    used 851K, capacity 921K, committed 1024K, reserved 1048576K
}

Deoptimization events (5 events):
Event: 0.819 Thread 0x00000000163af000 Uncommon trap: reason=unstable_if action=reinterpret pc=0x00000000024488f8 method=sun.misc.URLClassPath.getLoader(I)Lsun/misc/URLClassPath$Loader; @ 36
Event: 0.819 Thread 0x00000000163af000 Uncommon trap: reason=unstable_if action=reinterpret pc=0x000000000244ca50 method=sun.misc.URLClassPath.getLoader(I)Lsun/misc/URLClassPath$Loader; @ 36
Event: 0.820 Thread 0x00000000163af000 Uncommon trap: reason=unstable_if action=reinterpret pc=0x000000000244ffc8 method=sun.misc.MetaIndex.mayContain(Ljava/lang/String;)Z @ 13
Event: 0.821 Thread 0x00000000163af000 Uncommon trap: reason=unstable_if action=reinterpret pc=0x0000000002446e84 method=sun.misc.MetaIndex.mayContain(Ljava/lang/String;)Z @ 13
Event: 0.960 Thread 0x00000000163af000 Uncommon trap: reason=unstable_if action=reinterpret pc=0x0000000002445420 method=java.lang.String.indexOf([CII[CIII)I @ 3

Internal exceptions (9 events):
Event: 0.058 Thread 0x000000000218d800 Exception <a 'java/lang/NoSuchMethodError': Method sun.misc.Unsafe.defineClass(Ljava/lang/String;[BII)Ljava/lang/Class; name or signature does not match> (0x00000000eac0dbc0) thrown at [C:\re\workspace\8-2-build-windows-amd64-cygwin\jdk8u66\5298\hotspot\sr¡Ùz›­?
Event: 0.058 Thread 0x000000000218d800 Exception <a 'java/lang/NoSuchMethodError': Method sun.misc.Unsafe.prefetchRead(Ljava/lang/Object;J)V name or signature does not match> (0x00000000eac0dea8) thrown at [C:\re\workspace\8-2-build-windows-amd64-cygwin\jdk8u66\5298\hotspot\src\share\vm\prims\j­\NAê?
Event: 0.820 Thread 0x00000000163af000 Exception <a 'java/security/PrivilegedActionException'> (0x00000000eba0c328) thrown at [C:\re\workspace\8-2-build-windows-amd64-cygwin\jdk8u66\5298\hotspot\src\share\vm\prims\jvm.cpp, line 1386]
Event: 0.821 Thread 0x00000000163af000 Exception <a 'java/security/PrivilegedActionException'> (0x00000000eba0c538) thrown at [C:\re\workspace\8-2-build-windows-amd64-cygwin\jdk8u66\5298\hotspot\src\share\vm\prims\jvm.cpp, line 1386]
Event: 0.822 Thread 0x00000000163af000 Exception <a 'java/security/PrivilegedActionException'> (0x00000000eba10380) thrown at [C:\re\workspace\8-2-build-windows-amd64-cygwin\jdk8u66\5298\hotspot\src\share\vm\prims\jvm.cpp, line 1386]
Event: 0.822 Thread 0x00000000163af000 Exception <a 'java/security/PrivilegedActionException'> (0x00000000eba10590) thrown at [C:\re\workspace\8-2-build-windows-amd64-cygwin\jdk8u66\5298\hotspot\src\share\vm\prims\jvm.cpp, line 1386]
Event: 0.837 Thread 0x00000000163af000 Exception <a 'java/io/FileNotFoundException'> (0x00000000eba1d3b8) thrown at [C:\re\workspace\8-2-build-windows-amd64-cygwin\jdk8u66\5298\hotspot\src\share\vm\prims\jni.cpp, line 709]
Event: 0.907 Thread 0x00000000163af000 Exception <a 'java/lang/NoSuchFieldError': method resolution failed> (0x00000000ebaeaa90) thrown at [C:\re\workspace\8-2-build-windows-amd64-cygwin\jdk8u66\5298\hotspot\src\share\vm\prims\methodHandles.cpp, line 1146]
Event: 0.910 Thread 0x00000000163af000 Exception <a 'java/lang/NoSuchFieldError': method resolution failed> (0x00000000ebaf8150) thrown at [C:\re\workspace\8-2-build-windows-amd64-cygwin\jdk8u66\5298\hotspot\src\share\vm\prims\methodHandles.cpp, line 1146]

Events (10 events):
Event: 1.133 loading class java/nio/channels/Channels
Event: 1.133 loading class java/nio/channels/Channels done
Event: 1.133 loading class java/nio/channels/Channels$ReadableByteChannelImpl
Event: 1.134 loading class java/nio/channels/Channels$ReadableByteChannelImpl done
Event: 1.134 loading class java/nio/channels/spi/AbstractInterruptibleChannel$1
Event: 1.134 loading class sun/nio/ch/Interruptible
Event: 1.134 loading class sun/nio/ch/Interruptible done
Event: 1.134 loading class java/nio/channels/spi/AbstractInterruptibleChannel$1 done
Event: 1.142 loading class org/lwjgl/stb/STBVorbis
Event: 1.142 loading class org/lwjgl/stb/STBVorbis done


Dynamic libraries:
0x00007ff6517c0000 - 0x00007ff6517f7000 	C:\Program Files\Java\jdk1.8.0_66\bin\java.exe
0x00007ffa93c30000 - 0x00007ffa93df1000 	C:\WINDOWS\SYSTEM32\ntdll.dll
0x00007ffa92c50000 - 0x00007ffa92cfd000 	C:\WINDOWS\system32\KERNEL32.DLL
0x00007ffa8ea90000 - 0x00007ffa8eac2000 	C:\Program Files (x86)\AVG\Av\avghooka.dll
0x00007ffa904b0000 - 0x00007ffa90698000 	C:\WINDOWS\system32\KERNELBASE.dll
0x00007ffa92b80000 - 0x00007ffa92c27000 	C:\WINDOWS\system32\ADVAPI32.dll
0x00007ffa91460000 - 0x00007ffa914fd000 	C:\WINDOWS\system32\msvcrt.dll
0x00007ffa932c0000 - 0x00007ffa9331b000 	C:\WINDOWS\system32\sechost.dll
0x00007ffa91500000 - 0x00007ffa9161c000 	C:\WINDOWS\system32\RPCRT4.dll
0x00007ffa92d10000 - 0x00007ffa92e66000 	C:\WINDOWS\system32\USER32.dll
0x00007ffa92fe0000 - 0x00007ffa93166000 	C:\WINDOWS\system32\GDI32.dll
0x00007ffa866d0000 - 0x00007ffa86944000 	C:\WINDOWS\WinSxS\amd64_microsoft.windows.common-controls_6595b64144ccf1df_6.0.10586.0_none_8c15ae12515e1c22\COMCTL32.dll
0x00007ffa93940000 - 0x00007ffa93bbd000 	C:\WINDOWS\system32\combase.dll
0x00007ffa90880000 - 0x00007ffa908ea000 	C:\WINDOWS\system32\bcryptPrimitives.dll
0x00007ffa92e70000 - 0x00007ffa92eab000 	C:\WINDOWS\system32\IMM32.DLL
0x00000000654c0000 - 0x0000000065592000 	C:\Program Files\Java\jdk1.8.0_66\jre\bin\msvcr100.dll
0x0000000064c30000 - 0x00000000654b9000 	C:\Program Files\Java\jdk1.8.0_66\jre\bin\server\jvm.dll
0x00000000006e0000 - 0x00000000006e8000 	C:\WINDOWS\system32\PSAPI.DLL
0x00007ffa84930000 - 0x00007ffa84939000 	C:\WINDOWS\SYSTEM32\WSOCK32.dll
0x00007ffa92ec0000 - 0x00007ffa92f2b000 	C:\WINDOWS\system32\WS2_32.dll
0x00007ffa8c870000 - 0x00007ffa8c893000 	C:\WINDOWS\SYSTEM32\WINMM.dll
0x00007ffa89d40000 - 0x00007ffa89d4a000 	C:\WINDOWS\SYSTEM32\VERSION.dll
0x00007ffa8c810000 - 0x00007ffa8c83c000 	C:\WINDOWS\SYSTEM32\WINMMBASE.dll
0x00007ffa906c0000 - 0x00007ffa90703000 	C:\WINDOWS\system32\cfgmgr32.dll
0x0000000064c20000 - 0x0000000064c2f000 	C:\Program Files\Java\jdk1.8.0_66\jre\bin\verify.dll
0x0000000064bf0000 - 0x0000000064c19000 	C:\Program Files\Java\jdk1.8.0_66\jre\bin\java.dll
0x0000000064bd0000 - 0x0000000064be6000 	C:\Program Files\Java\jdk1.8.0_66\jre\bin\zip.dll
0x00007ffa91620000 - 0x00007ffa92b7f000 	C:\WINDOWS\system32\SHELL32.dll
0x00007ffa908f0000 - 0x00007ffa90f34000 	C:\WINDOWS\system32\windows.storage.dll
0x00007ffa93490000 - 0x00007ffa934e2000 	C:\WINDOWS\system32\shlwapi.dll
0x00007ffa90270000 - 0x00007ffa9027f000 	C:\WINDOWS\system32\kernel.appcore.dll
0x00007ffa907c0000 - 0x00007ffa90875000 	C:\WINDOWS\system32\shcore.dll
0x00007ffa90280000 - 0x00007ffa902cb000 	C:\WINDOWS\system32\powrprof.dll
0x00007ffa90250000 - 0x00007ffa90264000 	C:\WINDOWS\system32\profapi.dll
0x00007ffa83d40000 - 0x00007ffa83d50000 	C:\Program Files (x86)\JetBrains\IntelliJ IDEA Community Edition 15.0.2\bin\breakgen64.dll
0x0000000064bb0000 - 0x0000000064bca000 	C:\Program Files\Java\jdk1.8.0_66\jre\bin\net.dll
0x00007ffa8fb20000 - 0x00007ffa8fb7c000 	C:\WINDOWS\system32\mswsock.dll
0x00007ffa809a0000 - 0x00007ffa80a28000 	C:\Official Projects\ThunderEngine\ThunderEngine\native\lwjgl.dll
0x00007ffa8fcf0000 - 0x00007ffa8fcfb000 	C:\WINDOWS\SYSTEM32\CRYPTBASE.DLL
0x00007ffa81190000 - 0x00007ffa811d2000 	C:\Official Projects\ThunderEngine\ThunderEngine\native\jemalloc.dll
0x00007ffa80960000 - 0x00007ffa80998000 	C:\Official Projects\ThunderEngine\ThunderEngine\native\glfw.dll
0x00007ffa8ec80000 - 0x00007ffa8ed16000 	C:\WINDOWS\system32\uxtheme.dll
0x00007ffa8e930000 - 0x00007ffa8e952000 	C:\WINDOWS\SYSTEM32\dwmapi.dll
0x00007ffa80830000 - 0x00007ffa80959000 	C:\WINDOWS\SYSTEM32\opengl32.dll
0x00007ffa80800000 - 0x00007ffa8082e000 	C:\WINDOWS\SYSTEM32\GLU32.dll
0x00007ffa80700000 - 0x00007ffa807fa000 	C:\WINDOWS\SYSTEM32\DDRAW.dll
0x00007ffa82f10000 - 0x00007ffa82f18000 	C:\WINDOWS\SYSTEM32\DCIMAN32.dll
0x00007ffa934f0000 - 0x00007ffa9364a000 	C:\WINDOWS\system32\MSCTF.dll
0x00007ffa7ee30000 - 0x00007ffa7eed3000 	C:\Program Files\Common Files\microsoft shared\ink\tiptsf.dll
0x00007ffa93800000 - 0x00007ffa938c1000 	C:\WINDOWS\system32\OLEAUT32.dll
0x00007ffa806e0000 - 0x00007ffa806f8000 	C:\WINDOWS\SYSTEM32\atig6pxx.dll
0x0000000062db0000 - 0x0000000064bb0000 	C:\WINDOWS\SYSTEM32\atio6axx.dll
0x00007ffa91030000 - 0x00007ffa91459000 	C:\WINDOWS\system32\SETUPAPI.dll
0x00007ffa6cde0000 - 0x00007ffa6cf21000 	C:\WINDOWS\SYSTEM32\atiadlxx.dll
0x00007ffa93170000 - 0x00007ffa932b3000 	C:\WINDOWS\system32\ole32.dll
0x00007ffa8dc90000 - 0x00007ffa8de16000 	C:\WINDOWS\SYSTEM32\PROPSYS.dll
0x00007ffa8f9b0000 - 0x00007ffa8f9cf000 	C:\WINDOWS\SYSTEM32\USERENV.dll
0x00007ffa8e960000 - 0x00007ffa8e973000 	C:\WINDOWS\SYSTEM32\WTSAPI32.dll
0x00007ffa8e220000 - 0x00007ffa8e258000 	C:\WINDOWS\SYSTEM32\IPHLPAPI.DLL
0x00007ffa8ed20000 - 0x00007ffa8ed47000 	C:\WINDOWS\SYSTEM32\DEVOBJ.dll
0x00007ffa90fd0000 - 0x00007ffa91025000 	C:\WINDOWS\system32\WINTRUST.dll
0x00007ffa902d0000 - 0x00007ffa902e0000 	C:\WINDOWS\system32\MSASN1.dll
0x00007ffa902e0000 - 0x00007ffa904a7000 	C:\WINDOWS\system32\CRYPT32.dll
0x00007ffa80620000 - 0x00007ffa8064c000 	C:\WINDOWS\SYSTEM32\atig6txx.dll
0x0000000062bf0000 - 0x0000000062d88000 	C:\Program Files\Java\jdk1.8.0_66\jre\bin\awt.dll
0x00007ffa8c930000 - 0x00007ffa8c9a9000 	C:\WINDOWS\system32\apphelp.dll
0x00007ffa8fbd0000 - 0x00007ffa8fbe7000 	C:\WINDOWS\SYSTEM32\CRYPTSP.dll
0x00007ffa8f860000 - 0x00007ffa8f894000 	C:\WINDOWS\system32\rsaenh.dll
0x00007ffa90180000 - 0x00007ffa901a9000 	C:\WINDOWS\SYSTEM32\bcrypt.dll
0x00007ffa92eb0000 - 0x00007ffa92eb8000 	C:\WINDOWS\system32\NSI.dll
0x00007ffa8d510000 - 0x00007ffa8d526000 	C:\WINDOWS\SYSTEM32\dhcpcsvc6.DLL
0x00007ffa8d770000 - 0x00007ffa8d78a000 	C:\WINDOWS\SYSTEM32\dhcpcsvc.DLL
0x0000000062d90000 - 0x0000000062da1000 	C:\Program Files\Java\jdk1.8.0_66\jre\bin\nio.dll
0x00007ffa6b880000 - 0x00007ffa6b959000 	C:\Official Projects\ThunderEngine\ThunderEngine\native\OpenAL.dll
0x00007ffa92f30000 - 0x00007ffa92fd7000 	C:\WINDOWS\system32\clbcatq.dll
0x00007ffa8cb80000 - 0x00007ffa8cbf0000 	C:\WINDOWS\System32\MMDevApi.dll
0x00007ffa74530000 - 0x00007ffa745cc000 	C:\WINDOWS\SYSTEM32\dsound.dll
0x00007ffa88ec0000 - 0x00007ffa88f48000 	C:\WINDOWS\SYSTEM32\AUDIOSES.DLL
0x00007ffa8cfd0000 - 0x00007ffa8d106000 	C:\WINDOWS\SYSTEM32\wintypes.dll
0x00007ffa660f0000 - 0x00007ffa6627c000 	C:\WINDOWS\SYSTEM32\dbghelp.dll

VM Arguments:
jvm_args: -Djava.library.path=native/ -Didea.launcher.port=7540 -Didea.launcher.bin.path=C:\Program Files (x86)\JetBrains\IntelliJ IDEA Community Edition 15.0.2\bin -Dfile.encoding=UTF-8 
java_command: com.intellij.rt.execution.application.AppMain TestingClass
java_class_path (initial): C:\Program Files\Java\jdk1.8.0_66\jre\lib\charsets.jar;C:\Program Files\Java\jdk1.8.0_66\jre\lib\deploy.jar;C:\Program Files\Java\jdk1.8.0_66\jre\lib\ext\access-bridge-64.jar;C:\Program Files\Java\jdk1.8.0_66\jre\lib\ext\cldrdata.jar;C:\Program Files\Java\jdk1.8.0_66\jre\lib\ext\dnsns.jar;C:\Program Files\Java\jdk1.8.0_66\jre\lib\ext\jaccess.jar;C:\Program Files\Java\jdk1.8.0_66\jre\lib\ext\jfxrt.jar;C:\Program Files\Java\jdk1.8.0_66\jre\lib\ext\localedata.jar;C:\Program Files\Java\jdk1.8.0_66\jre\lib\ext\nashorn.jar;C:\Program Files\Java\jdk1.8.0_66\jre\lib\ext\sunec.jar;C:\Program Files\Java\jdk1.8.0_66\jre\lib\ext\sunjce_provider.jar;C:\Program Files\Java\jdk1.8.0_66\jre\lib\ext\sunmscapi.jar;C:\Program Files\Java\jdk1.8.0_66\jre\lib\ext\sunpkcs11.jar;C:\Program Files\Java\jdk1.8.0_66\jre\lib\ext\zipfs.jar;C:\Program Files\Java\jdk1.8.0_66\jre\lib\javaws.jar;C:\Program Files\Java\jdk1.8.0_66\jre\lib\jce.jar;C:\Program Files\Java\jdk1.8.0_66\jre\lib\jfr.jar;C:\Program Files\Java\jdk1.8.0_66\jre\lib\jfxswt.jar;C:\Program Files\Java\jdk1.8.0_66\jre\lib\jsse.jar;C:\Program Files\Java\jdk1.8.0_66\jre\lib\management-agent.jar;C:\Program Files\Java\jdk1.8.0_66\jre\lib\plugin.jar;C:\Program Files\Java\jdk1.8.0_66\jre\lib\resources.jar;C:\Program Files\Java\jdk1.8.0_66\jre\lib\rt.jar;C:\Official Projects\ThunderEngine\ThunderEngine\out\production\ThunderEngine;C:\Official Projects\ThunderEngine\ThunderEngine\libs\lwjgl.jar;C:\Program Files (x86)\JetBrains\IntelliJ IDEA Community Edition 15.0.2\lib\idea_rt.jar
Launcher Type: SUN_STANDARD

Environment Variables:
PATH=C:\Program Files (x86)\NVIDIA Corporation\PhysX\Common;C:\ProgramData\Oracle\Java\javapath;C:\WINDOWS\system32;C:\WINDOWS;C:\WINDOWS\System32\Wbem;C:\WINDOWS\System32\WindowsPowerShell\v1.0\;C:\Program Files (x86)\ATI Technologies\ATI.ACE\Core-Static;C:\Users\Alex Cusaac\.dnx\bin;C:\Program Files\Microsoft DNX\Dnvm\;C:\Program Files (x86)\Windows Kits\8.1\Windows Performance Toolkit\;C:\Program Files\Java\jdk1.8.0_66\bin;C:\Program Files (x86)\Skype\Phone\;C:\Program Files\D3DGear;C:\Program Files (x86)\GtkSharp\2.12\bin;C:\Gource;C:\Git\bin
USERNAME=Alex Cusaac
OS=Windows_NT
PROCESSOR_IDENTIFIER=Intel64 Family 6 Model 42 Stepping 7, GenuineIntel



---------------  S Y S T E M  ---------------

OS: Windows 10.0 , 64 bit Build 10586 (10.0.10586.0)

CPU:total 4 (2 cores per cpu, 2 threads per core) family 6 model 42 stepping 7, cmov, cx8, fxsr, mmx, sse, sse2, sse3, ssse3, sse4.1, sse4.2, popcnt, avx, clmul, ht, tsc, tscinvbit

Memory: 4k page, physical 4176528k(1080288k free), swap 8665992k(2367004k free)

vm_info: Java HotSpot(TM) 64-Bit Server VM (25.66-b18) for windows-amd64 JRE (1.8.0_66-b18), built on Nov  9 2015 10:51:13 by "java_re" with MS VC++ 10.0 (VS2010)

time: Fri Feb 19 15:36:48 2016
elapsed time: 1 seconds (0d 0h 0m 1s)

